2019-08-28 09:04:10,280 [Worker-17] INFO  o.e.m.c.i.p.ProjectConfigurationManager - Collecting project info '/pom.xml' C:\hcljava\Laksh1\ProductDemo\pom.xml
2019-08-28 09:04:20,303 [Worker-17] INFO  o.e.m.c.i.l.LifecycleMappingFactory - Using org.eclipse.m2e.jdt.JarLifecycleMapping lifecycle mapping for MavenProject: hcl:ProductDemo:0.0.1-SNAPSHOT @ C:\hcljava\Laksh1\ProductDemo\pom.xml.
2019-08-28 09:04:24,372 [Worker-17] INFO  o.e.m.j.i.AbstractJavaProjectConfigurator - Adding source folder /ProductDemo/src/main/java
2019-08-28 09:04:24,381 [Worker-17] INFO  o.e.m.j.i.AbstractJavaProjectConfigurator - Adding source folder /ProductDemo/src/test/java
2019-08-28 09:04:26,767 [Worker-17] INFO  o.e.m.c.i.p.ProjectConfigurationManager - Imported and configured 1 project(s) in 16 sec
2019-08-28 09:04:27,927 [Worker-2] INFO  o.e.m.c.i.embedder.EclipseLogger - Using 'UTF-8' encoding to copy filtered resources.
2019-08-28 09:04:27,928 [Worker-2] INFO  o.e.m.c.i.embedder.EclipseLogger - skip non existing resourceDirectory C:\hcljava\Laksh1\ProductDemo\src\main\resources
2019-08-28 09:04:27,931 [Worker-2] INFO  o.e.m.c.i.embedder.EclipseLogger - Using 'UTF-8' encoding to copy filtered resources.
2019-08-28 09:04:27,931 [Worker-2] INFO  o.e.m.c.i.embedder.EclipseLogger - skip non existing resourceDirectory C:\hcljava\Laksh1\ProductDemo\src\test\resources
2019-08-28 09:04:53,714 [Worker-2] INFO  o.e.m.c.i.embedder.EclipseLogger - Using 'UTF-8' encoding to copy filtered resources.
2019-08-28 09:04:53,714 [Worker-2] INFO  o.e.m.c.i.embedder.EclipseLogger - skip non existing resourceDirectory C:\hcljava\Laksh1\ProductDemo\src\main\resources
2019-08-28 09:04:53,715 [Worker-2] INFO  o.e.m.c.i.embedder.EclipseLogger - Using 'UTF-8' encoding to copy filtered resources.
2019-08-28 09:04:53,716 [Worker-2] INFO  o.e.m.c.i.embedder.EclipseLogger - skip non existing resourceDirectory C:\hcljava\Laksh1\ProductDemo\src\test\resources
2019-08-28 09:04:55,025 [Worker-7] INFO  o.e.m.c.i.embedder.EclipseLogger - Using 'UTF-8' encoding to copy filtered resources.
2019-08-28 09:04:55,025 [Worker-7] INFO  o.e.m.c.i.embedder.EclipseLogger - skip non existing resourceDirectory C:\hcljava\Laksh1\ProductDemo\src\main\resources
2019-08-28 09:04:55,028 [Worker-7] INFO  o.e.m.c.i.embedder.EclipseLogger - Using 'UTF-8' encoding to copy filtered resources.
2019-08-28 09:04:55,037 [Worker-7] INFO  o.e.m.c.i.embedder.EclipseLogger - skip non existing resourceDirectory C:\hcljava\Laksh1\ProductDemo\src\test\resources
2019-08-28 09:07:07,537 [Worker-17] WARN  o.e.r.models.ModelRepository - Failed to download org.eclipse.recommenders:index::zip:0.0.0
org.eclipse.aether.resolution.ArtifactResolutionException: Could not find artifact org.eclipse.recommenders:index:zip:0.0.0-SNAPSHOT in models (http://download.eclipse.org/recommenders/models/mars/)
	at org.eclipse.aether.internal.impl.DefaultArtifactResolver.resolve(DefaultArtifactResolver.java:444) ~[na:na]
	at org.eclipse.aether.internal.impl.DefaultArtifactResolver.resolveArtifacts(DefaultArtifactResolver.java:246) ~[na:na]
	at org.eclipse.aether.internal.impl.DefaultArtifactResolver.resolveArtifact(DefaultArtifactResolver.java:223) ~[na:na]
	at org.eclipse.aether.internal.impl.DefaultRepositorySystem.resolveArtifact(DefaultRepositorySystem.java:294) ~[na:na]
	at org.eclipse.recommenders.models.ModelRepository.resolveInternal(ModelRepository.java:192) [org.eclipse.recommenders.models_2.3.0.v20160216-1255.jar:na]
	at org.eclipse.recommenders.models.ModelRepository.resolve(ModelRepository.java:174) [org.eclipse.recommenders.models_2.3.0.v20160216-1255.jar:na]
	at org.eclipse.recommenders.internal.models.rcp.EclipseModelRepository.resolve(EclipseModelRepository.java:165) [org.eclipse.recommenders.models.rcp_2.3.0.v20160216-1255.jar:na]
	at org.eclipse.recommenders.internal.models.rcp.DownloadModelArchiveJob.run(DownloadModelArchiveJob.java:76) [org.eclipse.recommenders.models.rcp_2.3.0.v20160216-1255.jar:na]
	at org.eclipse.core.internal.jobs.Worker.run(Worker.java:55) [org.eclipse.core.jobs_3.7.0.v20150330-2103.jar:na]
Caused by: org.eclipse.aether.transfer.ArtifactNotFoundException: Could not find artifact org.eclipse.recommenders:index:zip:0.0.0-SNAPSHOT in models (http://download.eclipse.org/recommenders/models/mars/)
	at org.eclipse.aether.connector.basic.ArtifactTransportListener.transferFailed(ArtifactTransportListener.java:39) ~[org.eclipse.aether.connector.basic_1.0.1.v20141111.jar:na]
	at org.eclipse.aether.connector.basic.BasicRepositoryConnector$TaskRunner.run(BasicRepositoryConnector.java:355) ~[org.eclipse.aether.connector.basic_1.0.1.v20141111.jar:na]
	at org.eclipse.aether.util.concurrency.RunnableErrorForwarder$1.run(RunnableErrorForwarder.java:67) ~[na:na]
	at org.eclipse.aether.connector.basic.BasicRepositoryConnector$DirectExecutor.execute(BasicRepositoryConnector.java:581) ~[org.eclipse.aether.connector.basic_1.0.1.v20141111.jar:na]
	at org.eclipse.aether.connector.basic.BasicRepositoryConnector.get(BasicRepositoryConnector.java:249) ~[org.eclipse.aether.connector.basic_1.0.1.v20141111.jar:na]
	at org.eclipse.aether.internal.impl.DefaultArtifactResolver.performDownloads(DefaultArtifactResolver.java:520) ~[na:na]
	at org.eclipse.aether.internal.impl.DefaultArtifactResolver.resolve(DefaultArtifactResolver.java:421) ~[na:na]
	... 8 common frames omitted
2019-08-28 09:09:35,074 [Worker-15] INFO  o.e.m.c.i.l.LifecycleMappingFactory - Using org.eclipse.m2e.jdt.JarLifecycleMapping lifecycle mapping for MavenProject: hcl:BeanWiring:0.0.1-SNAPSHOT @ C:\hcljava\Day22\BeanWiring\pom.xml.
2019-08-28 09:09:35,512 [Worker-15] INFO  o.e.m.c.i.embedder.EclipseLogger - Using 'UTF-8' encoding to copy filtered resources.
2019-08-28 09:09:35,518 [Worker-15] INFO  o.e.m.c.i.embedder.EclipseLogger - skip non existing resourceDirectory C:\hcljava\Day22\BeanWiring\src\main\resources
2019-08-28 09:09:35,526 [Worker-15] INFO  o.e.m.c.i.embedder.EclipseLogger - Using 'UTF-8' encoding to copy filtered resources.
2019-08-28 09:09:35,532 [Worker-15] INFO  o.e.m.c.i.embedder.EclipseLogger - skip non existing resourceDirectory C:\hcljava\Day22\BeanWiring\src\test\resources
2019-08-28 09:09:35,831 [Worker-15] INFO  o.e.m.c.i.l.LifecycleMappingFactory - Using org.eclipse.m2e.jdt.JarLifecycleMapping lifecycle mapping for MavenProject: hcl:CalcDemo:0.0.1-SNAPSHOT @ C:\hcljava\Day22\CalcDemo\pom.xml.
2019-08-28 09:09:36,021 [Worker-15] INFO  o.e.m.c.i.embedder.EclipseLogger - Using 'UTF-8' encoding to copy filtered resources.
2019-08-28 09:09:36,022 [Worker-15] INFO  o.e.m.c.i.embedder.EclipseLogger - skip non existing resourceDirectory C:\hcljava\Day22\CalcDemo\src\main\resources
2019-08-28 09:09:36,023 [Worker-15] INFO  o.e.m.c.i.embedder.EclipseLogger - Using 'UTF-8' encoding to copy filtered resources.
2019-08-28 09:09:36,023 [Worker-15] INFO  o.e.m.c.i.embedder.EclipseLogger - skip non existing resourceDirectory C:\hcljava\Day22\CalcDemo\src\test\resources
2019-08-28 09:09:36,276 [Worker-15] INFO  o.e.m.c.i.l.LifecycleMappingFactory - Using org.eclipse.m2e.jdt.JarLifecycleMapping lifecycle mapping for MavenProject: hcl:HelloWorld:0.0.1-SNAPSHOT @ C:\hcljava\Day22\HelloWorld\pom.xml.
2019-08-28 09:09:36,561 [Worker-15] INFO  o.e.m.c.i.embedder.EclipseLogger - Using 'UTF-8' encoding to copy filtered resources.
2019-08-28 09:09:36,561 [Worker-15] INFO  o.e.m.c.i.embedder.EclipseLogger - skip non existing resourceDirectory C:\hcljava\Day22\HelloWorld\src\main\resources
2019-08-28 09:09:36,563 [Worker-15] INFO  o.e.m.c.i.embedder.EclipseLogger - Using 'UTF-8' encoding to copy filtered resources.
2019-08-28 09:09:36,569 [Worker-15] INFO  o.e.m.c.i.embedder.EclipseLogger - skip non existing resourceDirectory C:\hcljava\Day22\HelloWorld\src\test\resources
2019-08-28 09:09:37,761 [Worker-13] INFO  o.e.m.c.i.embedder.EclipseLogger - Using 'UTF-8' encoding to copy filtered resources.
2019-08-28 09:09:37,761 [Worker-13] INFO  o.e.m.c.i.embedder.EclipseLogger - skip non existing resourceDirectory C:\hcljava\Day22\BeanWiring\src\main\resources
2019-08-28 09:09:37,764 [Worker-13] INFO  o.e.m.c.i.embedder.EclipseLogger - Using 'UTF-8' encoding to copy filtered resources.
2019-08-28 09:09:37,771 [Worker-13] INFO  o.e.m.c.i.embedder.EclipseLogger - skip non existing resourceDirectory C:\hcljava\Day22\BeanWiring\src\test\resources
2019-08-28 09:09:37,898 [Worker-13] INFO  o.e.m.c.i.embedder.EclipseLogger - Using 'UTF-8' encoding to copy filtered resources.
2019-08-28 09:09:37,905 [Worker-13] INFO  o.e.m.c.i.embedder.EclipseLogger - skip non existing resourceDirectory C:\hcljava\Day22\CalcDemo\src\main\resources
2019-08-28 09:09:37,908 [Worker-13] INFO  o.e.m.c.i.embedder.EclipseLogger - Using 'UTF-8' encoding to copy filtered resources.
2019-08-28 09:09:37,913 [Worker-13] INFO  o.e.m.c.i.embedder.EclipseLogger - skip non existing resourceDirectory C:\hcljava\Day22\CalcDemo\src\test\resources
2019-08-28 09:09:38,022 [Worker-13] INFO  o.e.m.c.i.embedder.EclipseLogger - Using 'UTF-8' encoding to copy filtered resources.
2019-08-28 09:09:38,023 [Worker-13] INFO  o.e.m.c.i.embedder.EclipseLogger - skip non existing resourceDirectory C:\hcljava\Day22\HelloWorld\src\main\resources
2019-08-28 09:09:38,024 [Worker-13] INFO  o.e.m.c.i.embedder.EclipseLogger - Using 'UTF-8' encoding to copy filtered resources.
2019-08-28 09:09:38,029 [Worker-13] INFO  o.e.m.c.i.embedder.EclipseLogger - skip non existing resourceDirectory C:\hcljava\Day22\HelloWorld\src\test\resources
2019-08-28 09:11:59,305 [Worker-7] INFO  o.e.m.c.i.embedder.EclipseLogger - Using 'UTF-8' encoding to copy filtered resources.
2019-08-28 09:11:59,306 [Worker-7] INFO  o.e.m.c.i.embedder.EclipseLogger - skip non existing resourceDirectory C:\hcljava\Laksh1\ProductDemo\src\main\resources
2019-08-28 09:11:59,307 [Worker-7] INFO  o.e.m.c.i.embedder.EclipseLogger - Using 'UTF-8' encoding to copy filtered resources.
2019-08-28 09:11:59,320 [Worker-7] INFO  o.e.m.c.i.embedder.EclipseLogger - skip non existing resourceDirectory C:\hcljava\Laksh1\ProductDemo\src\test\resources
2019-08-28 09:15:06,306 [Worker-18] INFO  o.e.m.c.i.l.LifecycleMappingFactory - Using org.eclipse.m2e.jdt.JarLifecycleMapping lifecycle mapping for MavenProject: hcl:ProductDemo:0.0.1-SNAPSHOT @ C:\hcljava\Laksh1\ProductDemo\pom.xml.
2019-08-28 09:15:06,639 [Worker-18] INFO  o.e.m.c.i.embedder.EclipseLogger - Using 'UTF-8' encoding to copy filtered resources.
2019-08-28 09:15:06,644 [Worker-18] INFO  o.e.m.c.i.embedder.EclipseLogger - skip non existing resourceDirectory C:\hcljava\Laksh1\ProductDemo\src\main\resources
2019-08-28 09:15:06,650 [Worker-18] INFO  o.e.m.c.i.embedder.EclipseLogger - Using 'UTF-8' encoding to copy filtered resources.
2019-08-28 09:15:06,650 [Worker-18] INFO  o.e.m.c.i.embedder.EclipseLogger - skip non existing resourceDirectory C:\hcljava\Laksh1\ProductDemo\src\test\resources
2019-08-28 09:15:07,870 [Worker-18] INFO  o.e.m.c.i.embedder.EclipseLogger - Using 'UTF-8' encoding to copy filtered resources.
2019-08-28 09:15:07,871 [Worker-18] INFO  o.e.m.c.i.embedder.EclipseLogger - skip non existing resourceDirectory C:\hcljava\Laksh1\ProductDemo\src\main\resources
2019-08-28 09:15:07,877 [Worker-18] INFO  o.e.m.c.i.embedder.EclipseLogger - Using 'UTF-8' encoding to copy filtered resources.
2019-08-28 09:15:07,881 [Worker-18] INFO  o.e.m.c.i.embedder.EclipseLogger - skip non existing resourceDirectory C:\hcljava\Laksh1\ProductDemo\src\test\resources
2019-08-28 09:16:33,748 [Worker-15] INFO  o.e.m.c.i.embedder.EclipseLogger - Using 'UTF-8' encoding to copy filtered resources.
2019-08-28 09:16:33,748 [Worker-15] INFO  o.e.m.c.i.embedder.EclipseLogger - skip non existing resourceDirectory C:\hcljava\Laksh1\ProductDemo\src\main\resources
2019-08-28 09:16:33,780 [Worker-15] INFO  o.e.m.c.i.embedder.EclipseLogger - Using 'UTF-8' encoding to copy filtered resources.
2019-08-28 09:16:33,792 [Worker-15] INFO  o.e.m.c.i.embedder.EclipseLogger - skip non existing resourceDirectory C:\hcljava\Laksh1\ProductDemo\src\test\resources
2019-08-28 09:26:31,447 [Worker-13] INFO  o.e.m.c.i.embedder.EclipseLogger - Using 'UTF-8' encoding to copy filtered resources.
2019-08-28 09:26:31,448 [Worker-13] INFO  o.e.m.c.i.embedder.EclipseLogger - skip non existing resourceDirectory C:\hcljava\Laksh1\ProductDemo\src\main\resources
2019-08-28 09:26:31,453 [Worker-13] INFO  o.e.m.c.i.embedder.EclipseLogger - Using 'UTF-8' encoding to copy filtered resources.
2019-08-28 09:26:31,458 [Worker-13] INFO  o.e.m.c.i.embedder.EclipseLogger - skip non existing resourceDirectory C:\hcljava\Laksh1\ProductDemo\src\test\resources
2019-08-28 09:27:18,743 [Worker-15] INFO  o.e.m.c.i.embedder.EclipseLogger - Using 'UTF-8' encoding to copy filtered resources.
2019-08-28 09:27:18,743 [Worker-15] INFO  o.e.m.c.i.embedder.EclipseLogger - skip non existing resourceDirectory C:\hcljava\Laksh1\ProductDemo\src\main\resources
2019-08-28 09:27:18,751 [Worker-15] INFO  o.e.m.c.i.embedder.EclipseLogger - Using 'UTF-8' encoding to copy filtered resources.
2019-08-28 09:27:18,756 [Worker-15] INFO  o.e.m.c.i.embedder.EclipseLogger - skip non existing resourceDirectory C:\hcljava\Laksh1\ProductDemo\src\test\resources
2019-08-28 09:39:43,696 [Worker-7] INFO  o.e.m.c.i.embedder.EclipseLogger - Using 'UTF-8' encoding to copy filtered resources.
2019-08-28 09:39:43,696 [Worker-7] INFO  o.e.m.c.i.embedder.EclipseLogger - skip non existing resourceDirectory C:\hcljava\Laksh1\ProductDemo\src\main\resources
2019-08-28 09:39:43,706 [Worker-7] INFO  o.e.m.c.i.embedder.EclipseLogger - Using 'UTF-8' encoding to copy filtered resources.
2019-08-28 09:39:43,714 [Worker-7] INFO  o.e.m.c.i.embedder.EclipseLogger - skip non existing resourceDirectory C:\hcljava\Laksh1\ProductDemo\src\test\resources
2019-08-28 09:42:00,179 [Worker-24] INFO  o.e.m.c.i.embedder.EclipseLogger - Using 'UTF-8' encoding to copy filtered resources.
2019-08-28 09:42:00,179 [Worker-24] INFO  o.e.m.c.i.embedder.EclipseLogger - skip non existing resourceDirectory C:\hcljava\Laksh1\ProductDemo\src\main\resources
2019-08-28 09:42:00,185 [Worker-24] INFO  o.e.m.c.i.embedder.EclipseLogger - Using 'UTF-8' encoding to copy filtered resources.
2019-08-28 09:42:00,191 [Worker-24] INFO  o.e.m.c.i.embedder.EclipseLogger - skip non existing resourceDirectory C:\hcljava\Laksh1\ProductDemo\src\test\resources
2019-08-28 09:44:41,616 [Worker-22] INFO  o.e.m.c.i.embedder.EclipseLogger - Using 'UTF-8' encoding to copy filtered resources.
2019-08-28 09:44:41,616 [Worker-22] INFO  o.e.m.c.i.embedder.EclipseLogger - skip non existing resourceDirectory C:\hcljava\Laksh1\ProductDemo\src\main\resources
2019-08-28 09:44:41,626 [Worker-22] INFO  o.e.m.c.i.embedder.EclipseLogger - Using 'UTF-8' encoding to copy filtered resources.
2019-08-28 09:44:41,636 [Worker-22] INFO  o.e.m.c.i.embedder.EclipseLogger - skip non existing resourceDirectory C:\hcljava\Laksh1\ProductDemo\src\test\resources
2019-08-28 09:45:09,361 [Worker-4] INFO  o.e.m.c.i.embedder.EclipseLogger - Using 'UTF-8' encoding to copy filtered resources.
2019-08-28 09:45:09,361 [Worker-4] INFO  o.e.m.c.i.embedder.EclipseLogger - skip non existing resourceDirectory C:\hcljava\Laksh1\ProductDemo\src\main\resources
2019-08-28 09:45:09,369 [Worker-4] INFO  o.e.m.c.i.embedder.EclipseLogger - Using 'UTF-8' encoding to copy filtered resources.
2019-08-28 09:45:09,377 [Worker-4] INFO  o.e.m.c.i.embedder.EclipseLogger - skip non existing resourceDirectory C:\hcljava\Laksh1\ProductDemo\src\test\resources
2019-08-28 10:11:48,490 [Worker-32] INFO  o.e.m.c.i.p.ProjectConfigurationManager - Collecting project info '/pom.xml' C:\hcljava\Laksh1\EmployInsert\pom.xml
2019-08-28 10:11:48,640 [Worker-32] INFO  o.e.m.c.i.l.LifecycleMappingFactory - Using org.eclipse.m2e.jdt.JarLifecycleMapping lifecycle mapping for MavenProject: hcl:EmployInsert:0.0.1-SNAPSHOT @ C:\hcljava\Laksh1\EmployInsert\pom.xml.
2019-08-28 10:11:48,858 [Worker-32] INFO  o.e.m.j.i.AbstractJavaProjectConfigurator - Adding source folder /EmployInsert/src/main/java
2019-08-28 10:11:48,868 [Worker-32] INFO  o.e.m.j.i.AbstractJavaProjectConfigurator - Adding source folder /EmployInsert/src/test/java
2019-08-28 10:11:48,952 [Worker-32] INFO  o.e.m.c.i.p.ProjectConfigurationManager - Imported and configured 1 project(s) in 0 sec
2019-08-28 10:11:49,220 [Worker-27] INFO  o.e.m.c.i.embedder.EclipseLogger - Using 'UTF-8' encoding to copy filtered resources.
2019-08-28 10:11:49,227 [Worker-27] INFO  o.e.m.c.i.embedder.EclipseLogger - skip non existing resourceDirectory C:\hcljava\Laksh1\EmployInsert\src\main\resources
2019-08-28 10:11:49,228 [Worker-27] INFO  o.e.m.c.i.embedder.EclipseLogger - Using 'UTF-8' encoding to copy filtered resources.
2019-08-28 10:11:49,236 [Worker-27] INFO  o.e.m.c.i.embedder.EclipseLogger - skip non existing resourceDirectory C:\hcljava\Laksh1\EmployInsert\src\test\resources
2019-08-28 10:13:02,198 [Worker-28] INFO  o.e.m.c.i.l.LifecycleMappingFactory - Using org.eclipse.m2e.jdt.JarLifecycleMapping lifecycle mapping for MavenProject: hcl:EmployInsert:0.0.1-SNAPSHOT @ C:\hcljava\Laksh1\EmployInsert\pom.xml.
2019-08-28 10:13:03,074 [Worker-28] INFO  o.e.m.c.i.e.AbstractTransferListenerAdapter - Downloading https://repo.maven.apache.org/maven2/mysql/mysql-connector-java/5.1.5/mysql-connector-java-5.1.5.pom
2019-08-28 10:13:03,261 [Worker-28] INFO  o.e.m.c.i.e.AbstractTransferListenerAdapter - Downloaded https://repo.maven.apache.org/maven2/mysql/mysql-connector-java/5.1.5/mysql-connector-java-5.1.5.pom
2019-08-28 10:13:03,448 [Worker-28] INFO  o.e.m.c.i.e.AbstractTransferListenerAdapter - Downloading https://repo.maven.apache.org/maven2/mysql/mysql-connector-java/5.1.5/mysql-connector-java-5.1.5.jar
2019-08-28 10:13:05,560 [Worker-28] INFO  o.e.m.c.i.e.AbstractTransferListenerAdapter - Downloaded https://repo.maven.apache.org/maven2/mysql/mysql-connector-java/5.1.5/mysql-connector-java-5.1.5.jar
2019-08-28 10:13:06,010 [Worker-28] INFO  o.e.m.c.i.embedder.EclipseLogger - Using 'UTF-8' encoding to copy filtered resources.
2019-08-28 10:13:06,017 [Worker-28] INFO  o.e.m.c.i.embedder.EclipseLogger - skip non existing resourceDirectory C:\hcljava\Laksh1\EmployInsert\src\main\resources
2019-08-28 10:13:06,024 [Worker-28] INFO  o.e.m.c.i.embedder.EclipseLogger - Using 'UTF-8' encoding to copy filtered resources.
2019-08-28 10:13:06,024 [Worker-28] INFO  o.e.m.c.i.embedder.EclipseLogger - skip non existing resourceDirectory C:\hcljava\Laksh1\EmployInsert\src\test\resources
2019-08-28 10:13:07,247 [Worker-7] INFO  o.e.m.c.i.embedder.EclipseLogger - Using 'UTF-8' encoding to copy filtered resources.
2019-08-28 10:13:07,247 [Worker-7] INFO  o.e.m.c.i.embedder.EclipseLogger - skip non existing resourceDirectory C:\hcljava\Laksh1\EmployInsert\src\main\resources
2019-08-28 10:13:07,248 [Worker-7] INFO  o.e.m.c.i.embedder.EclipseLogger - Using 'UTF-8' encoding to copy filtered resources.
2019-08-28 10:13:07,249 [Worker-7] INFO  o.e.m.c.i.embedder.EclipseLogger - skip non existing resourceDirectory C:\hcljava\Laksh1\EmployInsert\src\test\resources
2019-08-28 10:15:49,305 [Worker-34] INFO  o.e.m.c.i.embedder.EclipseLogger - Using 'UTF-8' encoding to copy filtered resources.
2019-08-28 10:15:49,321 [Worker-34] INFO  o.e.m.c.i.embedder.EclipseLogger - skip non existing resourceDirectory C:\hcljava\Laksh1\EmployInsert\src\main\resources
2019-08-28 10:15:49,328 [Worker-34] INFO  o.e.m.c.i.embedder.EclipseLogger - Using 'UTF-8' encoding to copy filtered resources.
2019-08-28 10:15:49,328 [Worker-34] INFO  o.e.m.c.i.embedder.EclipseLogger - skip non existing resourceDirectory C:\hcljava\Laksh1\EmployInsert\src\test\resources
2019-08-28 10:28:41,122 [Worker-43] INFO  o.e.m.c.i.embedder.EclipseLogger - Using 'UTF-8' encoding to copy filtered resources.
2019-08-28 10:28:41,123 [Worker-43] INFO  o.e.m.c.i.embedder.EclipseLogger - skip non existing resourceDirectory C:\hcljava\Laksh1\EmployInsert\src\main\resources
2019-08-28 10:28:41,124 [Worker-43] INFO  o.e.m.c.i.embedder.EclipseLogger - Using 'UTF-8' encoding to copy filtered resources.
2019-08-28 10:28:41,124 [Worker-43] INFO  o.e.m.c.i.embedder.EclipseLogger - skip non existing resourceDirectory C:\hcljava\Laksh1\EmployInsert\src\test\resources
2019-08-28 10:29:04,501 [Worker-38] INFO  o.e.m.c.i.embedder.EclipseLogger - Using 'UTF-8' encoding to copy filtered resources.
2019-08-28 10:29:04,509 [Worker-38] INFO  o.e.m.c.i.embedder.EclipseLogger - skip non existing resourceDirectory C:\hcljava\Laksh1\EmployInsert\src\main\resources
2019-08-28 10:29:04,518 [Worker-38] INFO  o.e.m.c.i.embedder.EclipseLogger - Using 'UTF-8' encoding to copy filtered resources.
2019-08-28 10:29:04,518 [Worker-38] INFO  o.e.m.c.i.embedder.EclipseLogger - skip non existing resourceDirectory C:\hcljava\Laksh1\EmployInsert\src\test\resources
2019-08-28 11:16:45,291 [Worker-36] INFO  o.e.m.c.i.embedder.EclipseLogger - Using 'UTF-8' encoding to copy filtered resources.
2019-08-28 11:16:45,292 [Worker-36] INFO  o.e.m.c.i.embedder.EclipseLogger - skip non existing resourceDirectory C:\hcljava\Laksh1\EmployInsert\src\main\resources
2019-08-28 11:16:45,294 [Worker-36] INFO  o.e.m.c.i.embedder.EclipseLogger - Using 'UTF-8' encoding to copy filtered resources.
2019-08-28 11:16:45,294 [Worker-36] INFO  o.e.m.c.i.embedder.EclipseLogger - skip non existing resourceDirectory C:\hcljava\Laksh1\EmployInsert\src\test\resources
2019-08-28 11:20:46,401 [Worker-51] INFO  o.e.m.c.i.embedder.EclipseLogger - Using 'UTF-8' encoding to copy filtered resources.
2019-08-28 11:20:46,410 [Worker-51] INFO  o.e.m.c.i.embedder.EclipseLogger - skip non existing resourceDirectory C:\hcljava\Laksh1\EmployInsert\src\main\resources
2019-08-28 11:20:46,420 [Worker-51] INFO  o.e.m.c.i.embedder.EclipseLogger - Using 'UTF-8' encoding to copy filtered resources.
2019-08-28 11:20:46,420 [Worker-51] INFO  o.e.m.c.i.embedder.EclipseLogger - skip non existing resourceDirectory C:\hcljava\Laksh1\EmployInsert\src\test\resources
2019-08-28 11:20:47,537 [Worker-52] INFO  o.e.m.c.i.embedder.EclipseLogger - Using 'UTF-8' encoding to copy filtered resources.
2019-08-28 11:20:47,537 [Worker-52] INFO  o.e.m.c.i.embedder.EclipseLogger - skip non existing resourceDirectory C:\hcljava\Laksh1\EmployInsert\src\main\resources
2019-08-28 11:20:47,539 [Worker-52] INFO  o.e.m.c.i.embedder.EclipseLogger - Using 'UTF-8' encoding to copy filtered resources.
2019-08-28 11:20:47,539 [Worker-52] INFO  o.e.m.c.i.embedder.EclipseLogger - skip non existing resourceDirectory C:\hcljava\Laksh1\EmployInsert\src\test\resources
2019-08-28 11:31:10,208 [Worker-36] INFO  o.e.m.c.i.embedder.EclipseLogger - Using 'UTF-8' encoding to copy filtered resources.
2019-08-28 11:31:10,213 [Worker-36] INFO  o.e.m.c.i.embedder.EclipseLogger - skip non existing resourceDirectory C:\hcljava\Laksh1\EmployInsert\src\main\resources
2019-08-28 11:31:10,220 [Worker-36] INFO  o.e.m.c.i.embedder.EclipseLogger - Using 'UTF-8' encoding to copy filtered resources.
2019-08-28 11:31:10,220 [Worker-36] INFO  o.e.m.c.i.embedder.EclipseLogger - skip non existing resourceDirectory C:\hcljava\Laksh1\EmployInsert\src\test\resources
2019-08-28 11:32:52,789 [Worker-36] INFO  o.e.m.c.i.embedder.EclipseLogger - Using 'UTF-8' encoding to copy filtered resources.
2019-08-28 11:32:52,789 [Worker-36] INFO  o.e.m.c.i.embedder.EclipseLogger - skip non existing resourceDirectory C:\hcljava\Laksh1\EmployInsert\src\main\resources
2019-08-28 11:32:52,790 [Worker-36] INFO  o.e.m.c.i.embedder.EclipseLogger - Using 'UTF-8' encoding to copy filtered resources.
2019-08-28 11:32:52,790 [Worker-36] INFO  o.e.m.c.i.embedder.EclipseLogger - skip non existing resourceDirectory C:\hcljava\Laksh1\EmployInsert\src\test\resources
2019-08-28 11:35:54,057 [Worker-52] INFO  o.e.m.c.i.embedder.EclipseLogger - Using 'UTF-8' encoding to copy filtered resources.
2019-08-28 11:35:54,064 [Worker-52] INFO  o.e.m.c.i.embedder.EclipseLogger - skip non existing resourceDirectory C:\hcljava\Laksh1\EmployInsert\src\main\resources
2019-08-28 11:35:54,072 [Worker-52] INFO  o.e.m.c.i.embedder.EclipseLogger - Using 'UTF-8' encoding to copy filtered resources.
2019-08-28 11:35:54,072 [Worker-52] INFO  o.e.m.c.i.embedder.EclipseLogger - skip non existing resourceDirectory C:\hcljava\Laksh1\EmployInsert\src\test\resources
2019-08-28 11:36:14,774 [Worker-56] INFO  o.e.m.c.i.embedder.EclipseLogger - Using 'UTF-8' encoding to copy filtered resources.
2019-08-28 11:36:14,774 [Worker-56] INFO  o.e.m.c.i.embedder.EclipseLogger - skip non existing resourceDirectory C:\hcljava\Laksh1\EmployInsert\src\main\resources
2019-08-28 11:36:14,776 [Worker-56] INFO  o.e.m.c.i.embedder.EclipseLogger - Using 'UTF-8' encoding to copy filtered resources.
2019-08-28 11:36:14,776 [Worker-56] INFO  o.e.m.c.i.embedder.EclipseLogger - skip non existing resourceDirectory C:\hcljava\Laksh1\EmployInsert\src\test\resources
2019-08-28 11:39:53,793 [Worker-36] INFO  o.e.m.c.i.p.ProjectConfigurationManager - Collecting project info '/pom.xml' C:\hcljava\Laksh1\EmployShow\pom.xml
2019-08-28 11:39:53,947 [Worker-36] INFO  o.e.m.c.i.l.LifecycleMappingFactory - Using org.eclipse.m2e.jdt.JarLifecycleMapping lifecycle mapping for MavenProject: hcl:EmployShow:0.0.1-SNAPSHOT @ C:\hcljava\Laksh1\EmployShow\pom.xml.
2019-08-28 11:39:54,172 [Worker-36] INFO  o.e.m.j.i.AbstractJavaProjectConfigurator - Adding source folder /EmployShow/src/main/java
2019-08-28 11:39:54,181 [Worker-36] INFO  o.e.m.j.i.AbstractJavaProjectConfigurator - Adding source folder /EmployShow/src/test/java
2019-08-28 11:39:54,250 [Worker-36] INFO  o.e.m.c.i.p.ProjectConfigurationManager - Imported and configured 1 project(s) in 0 sec
2019-08-28 11:39:54,536 [Worker-36] INFO  o.e.m.c.i.embedder.EclipseLogger - Using 'UTF-8' encoding to copy filtered resources.
2019-08-28 11:39:54,543 [Worker-36] INFO  o.e.m.c.i.embedder.EclipseLogger - skip non existing resourceDirectory C:\hcljava\Laksh1\EmployShow\src\main\resources
2019-08-28 11:39:54,545 [Worker-36] INFO  o.e.m.c.i.embedder.EclipseLogger - Using 'UTF-8' encoding to copy filtered resources.
2019-08-28 11:39:54,550 [Worker-36] INFO  o.e.m.c.i.embedder.EclipseLogger - skip non existing resourceDirectory C:\hcljava\Laksh1\EmployShow\src\test\resources
2019-08-28 11:42:19,406 [Worker-54] INFO  o.e.m.c.i.embedder.EclipseLogger - Using 'UTF-8' encoding to copy filtered resources.
2019-08-28 11:42:19,406 [Worker-54] INFO  o.e.m.c.i.embedder.EclipseLogger - skip non existing resourceDirectory C:\hcljava\Laksh1\EmployShow\src\main\resources
2019-08-28 11:42:19,407 [Worker-54] INFO  o.e.m.c.i.embedder.EclipseLogger - Using 'UTF-8' encoding to copy filtered resources.
2019-08-28 11:42:19,415 [Worker-54] INFO  o.e.m.c.i.embedder.EclipseLogger - skip non existing resourceDirectory C:\hcljava\Laksh1\EmployShow\src\test\resources
2019-08-28 11:44:47,804 [Worker-52] INFO  o.e.m.c.i.l.LifecycleMappingFactory - Using org.eclipse.m2e.jdt.JarLifecycleMapping lifecycle mapping for MavenProject: hcl:EmployShow:0.0.1-SNAPSHOT @ C:\hcljava\Laksh1\EmployShow\pom.xml.
2019-08-28 11:44:48,018 [Worker-52] INFO  o.e.m.c.i.embedder.EclipseLogger - Using 'UTF-8' encoding to copy filtered resources.
2019-08-28 11:44:48,026 [Worker-52] INFO  o.e.m.c.i.embedder.EclipseLogger - skip non existing resourceDirectory C:\hcljava\Laksh1\EmployShow\src\main\resources
2019-08-28 11:44:48,035 [Worker-52] INFO  o.e.m.c.i.embedder.EclipseLogger - Using 'UTF-8' encoding to copy filtered resources.
2019-08-28 11:44:48,035 [Worker-52] INFO  o.e.m.c.i.embedder.EclipseLogger - skip non existing resourceDirectory C:\hcljava\Laksh1\EmployShow\src\test\resources
2019-08-28 11:44:49,248 [Worker-59] INFO  o.e.m.c.i.embedder.EclipseLogger - Using 'UTF-8' encoding to copy filtered resources.
2019-08-28 11:44:49,248 [Worker-59] INFO  o.e.m.c.i.embedder.EclipseLogger - skip non existing resourceDirectory C:\hcljava\Laksh1\EmployShow\src\main\resources
2019-08-28 11:44:49,254 [Worker-59] INFO  o.e.m.c.i.embedder.EclipseLogger - Using 'UTF-8' encoding to copy filtered resources.
2019-08-28 11:44:49,258 [Worker-59] INFO  o.e.m.c.i.embedder.EclipseLogger - skip non existing resourceDirectory C:\hcljava\Laksh1\EmployShow\src\test\resources
2019-08-28 11:49:56,374 [Worker-56] INFO  o.e.m.c.i.embedder.EclipseLogger - Using 'UTF-8' encoding to copy filtered resources.
2019-08-28 11:49:56,374 [Worker-56] INFO  o.e.m.c.i.embedder.EclipseLogger - skip non existing resourceDirectory C:\hcljava\Laksh1\EmployShow\src\main\resources
2019-08-28 11:49:56,383 [Worker-56] INFO  o.e.m.c.i.embedder.EclipseLogger - Using 'UTF-8' encoding to copy filtered resources.
2019-08-28 11:49:56,390 [Worker-56] INFO  o.e.m.c.i.embedder.EclipseLogger - skip non existing resourceDirectory C:\hcljava\Laksh1\EmployShow\src\test\resources
2019-08-28 11:59:01,083 [Worker-61] INFO  o.e.m.c.i.embedder.EclipseLogger - Using 'UTF-8' encoding to copy filtered resources.
2019-08-28 11:59:01,083 [Worker-61] INFO  o.e.m.c.i.embedder.EclipseLogger - skip non existing resourceDirectory C:\hcljava\Laksh1\EmployShow\src\main\resources
2019-08-28 11:59:01,090 [Worker-61] INFO  o.e.m.c.i.embedder.EclipseLogger - Using 'UTF-8' encoding to copy filtered resources.
2019-08-28 11:59:01,095 [Worker-61] INFO  o.e.m.c.i.embedder.EclipseLogger - skip non existing resourceDirectory C:\hcljava\Laksh1\EmployShow\src\test\resources
2019-08-28 11:59:13,112 [Worker-52] INFO  o.e.m.c.i.embedder.EclipseLogger - Using 'UTF-8' encoding to copy filtered resources.
2019-08-28 11:59:13,113 [Worker-52] INFO  o.e.m.c.i.embedder.EclipseLogger - skip non existing resourceDirectory C:\hcljava\Laksh1\EmployShow\src\main\resources
2019-08-28 11:59:13,119 [Worker-52] INFO  o.e.m.c.i.embedder.EclipseLogger - Using 'UTF-8' encoding to copy filtered resources.
2019-08-28 11:59:13,124 [Worker-52] INFO  o.e.m.c.i.embedder.EclipseLogger - skip non existing resourceDirectory C:\hcljava\Laksh1\EmployShow\src\test\resources
2019-08-28 11:59:16,824 [Worker-59] INFO  o.e.m.c.i.embedder.EclipseLogger - Using 'UTF-8' encoding to copy filtered resources.
2019-08-28 11:59:16,824 [Worker-59] INFO  o.e.m.c.i.embedder.EclipseLogger - skip non existing resourceDirectory C:\hcljava\Laksh1\EmployInsert\src\main\resources
2019-08-28 11:59:16,833 [Worker-59] INFO  o.e.m.c.i.embedder.EclipseLogger - Using 'UTF-8' encoding to copy filtered resources.
2019-08-28 11:59:16,842 [Worker-59] INFO  o.e.m.c.i.embedder.EclipseLogger - skip non existing resourceDirectory C:\hcljava\Laksh1\EmployInsert\src\test\resources
2019-08-28 11:59:16,867 [Worker-59] INFO  o.e.m.c.i.embedder.EclipseLogger - Using 'UTF-8' encoding to copy filtered resources.
2019-08-28 11:59:16,868 [Worker-59] INFO  o.e.m.c.i.embedder.EclipseLogger - skip non existing resourceDirectory C:\hcljava\Laksh1\EmployShow\src\main\resources
2019-08-28 11:59:16,876 [Worker-59] INFO  o.e.m.c.i.embedder.EclipseLogger - Using 'UTF-8' encoding to copy filtered resources.
2019-08-28 11:59:16,876 [Worker-59] INFO  o.e.m.c.i.embedder.EclipseLogger - skip non existing resourceDirectory C:\hcljava\Laksh1\EmployShow\src\test\resources
2019-08-28 11:59:49,070 [Worker-62] INFO  o.e.m.c.i.embedder.EclipseLogger - Using 'UTF-8' encoding to copy filtered resources.
2019-08-28 11:59:49,070 [Worker-62] INFO  o.e.m.c.i.embedder.EclipseLogger - skip non existing resourceDirectory C:\hcljava\Laksh1\EmployShow\src\main\resources
2019-08-28 11:59:49,079 [Worker-62] INFO  o.e.m.c.i.embedder.EclipseLogger - Using 'UTF-8' encoding to copy filtered resources.
2019-08-28 11:59:49,079 [Worker-62] INFO  o.e.m.c.i.embedder.EclipseLogger - skip non existing resourceDirectory C:\hcljava\Laksh1\EmployShow\src\test\resources
2019-08-28 12:06:04,414 [Worker-62] INFO  o.e.m.c.i.embedder.EclipseLogger - Using 'UTF-8' encoding to copy filtered resources.
2019-08-28 12:06:04,415 [Worker-62] INFO  o.e.m.c.i.embedder.EclipseLogger - skip non existing resourceDirectory C:\hcljava\Laksh1\EmployShow\src\main\resources
2019-08-28 12:06:04,421 [Worker-62] INFO  o.e.m.c.i.embedder.EclipseLogger - Using 'UTF-8' encoding to copy filtered resources.
2019-08-28 12:06:04,426 [Worker-62] INFO  o.e.m.c.i.embedder.EclipseLogger - skip non existing resourceDirectory C:\hcljava\Laksh1\EmployShow\src\test\resources
2019-08-28 12:06:55,118 [Worker-66] INFO  o.e.m.c.i.embedder.EclipseLogger - Using 'UTF-8' encoding to copy filtered resources.
2019-08-28 12:06:55,119 [Worker-66] INFO  o.e.m.c.i.embedder.EclipseLogger - skip non existing resourceDirectory C:\hcljava\Laksh1\EmployShow\src\main\resources
2019-08-28 12:06:55,125 [Worker-66] INFO  o.e.m.c.i.embedder.EclipseLogger - Using 'UTF-8' encoding to copy filtered resources.
2019-08-28 12:06:55,131 [Worker-66] INFO  o.e.m.c.i.embedder.EclipseLogger - skip non existing resourceDirectory C:\hcljava\Laksh1\EmployShow\src\test\resources
2019-08-28 12:11:16,232 [Worker-52] INFO  o.e.m.c.i.p.ProjectConfigurationManager - Collecting project info '/pom.xml' C:\hcljava\Laksh1\DepartmentShow\pom.xml
2019-08-28 12:11:16,365 [Worker-52] INFO  o.e.m.c.i.l.LifecycleMappingFactory - Using org.eclipse.m2e.jdt.JarLifecycleMapping lifecycle mapping for MavenProject: hcl:DepartmentShow:0.0.1-SNAPSHOT @ C:\hcljava\Laksh1\DepartmentShow\pom.xml.
2019-08-28 12:11:16,555 [Worker-52] INFO  o.e.m.j.i.AbstractJavaProjectConfigurator - Adding source folder /DepartmentShow/src/main/java
2019-08-28 12:11:16,573 [Worker-52] INFO  o.e.m.j.i.AbstractJavaProjectConfigurator - Adding source folder /DepartmentShow/src/test/java
2019-08-28 12:11:16,679 [Worker-52] INFO  o.e.m.c.i.p.ProjectConfigurationManager - Imported and configured 1 project(s) in 0 sec
2019-08-28 12:11:16,979 [Worker-67] INFO  o.e.m.c.i.embedder.EclipseLogger - Using 'UTF-8' encoding to copy filtered resources.
2019-08-28 12:11:16,984 [Worker-67] INFO  o.e.m.c.i.embedder.EclipseLogger - skip non existing resourceDirectory C:\hcljava\Laksh1\DepartmentShow\src\main\resources
2019-08-28 12:11:16,985 [Worker-67] INFO  o.e.m.c.i.embedder.EclipseLogger - Using 'UTF-8' encoding to copy filtered resources.
2019-08-28 12:11:16,990 [Worker-67] INFO  o.e.m.c.i.embedder.EclipseLogger - skip non existing resourceDirectory C:\hcljava\Laksh1\DepartmentShow\src\test\resources
2019-08-28 12:11:38,655 [Worker-69] INFO  o.e.m.c.i.embedder.EclipseLogger - Using 'UTF-8' encoding to copy filtered resources.
2019-08-28 12:11:38,663 [Worker-69] INFO  o.e.m.c.i.embedder.EclipseLogger - skip non existing resourceDirectory C:\hcljava\Laksh1\DepartmentShow\src\main\resources
2019-08-28 12:11:38,669 [Worker-69] INFO  o.e.m.c.i.embedder.EclipseLogger - Using 'UTF-8' encoding to copy filtered resources.
2019-08-28 12:11:38,674 [Worker-69] INFO  o.e.m.c.i.embedder.EclipseLogger - skip non existing resourceDirectory C:\hcljava\Laksh1\DepartmentShow\src\test\resources
2019-08-28 12:11:45,276 [Worker-65] INFO  o.e.m.c.i.embedder.EclipseLogger - Using 'UTF-8' encoding to copy filtered resources.
2019-08-28 12:11:45,282 [Worker-65] INFO  o.e.m.c.i.embedder.EclipseLogger - skip non existing resourceDirectory C:\hcljava\Laksh1\DepartmentShow\src\main\resources
2019-08-28 12:11:45,288 [Worker-65] INFO  o.e.m.c.i.embedder.EclipseLogger - Using 'UTF-8' encoding to copy filtered resources.
2019-08-28 12:11:45,293 [Worker-65] INFO  o.e.m.c.i.embedder.EclipseLogger - skip non existing resourceDirectory C:\hcljava\Laksh1\DepartmentShow\src\test\resources
2019-08-28 12:11:45,299 [Worker-65] INFO  o.e.m.c.i.embedder.EclipseLogger - Using 'UTF-8' encoding to copy filtered resources.
2019-08-28 12:11:45,305 [Worker-65] INFO  o.e.m.c.i.embedder.EclipseLogger - skip non existing resourceDirectory C:\hcljava\Laksh1\EmployShow\src\main\resources
2019-08-28 12:11:45,306 [Worker-65] INFO  o.e.m.c.i.embedder.EclipseLogger - Using 'UTF-8' encoding to copy filtered resources.
2019-08-28 12:11:45,306 [Worker-65] INFO  o.e.m.c.i.embedder.EclipseLogger - skip non existing resourceDirectory C:\hcljava\Laksh1\EmployShow\src\test\resources
2019-08-28 12:12:20,208 [Worker-52] INFO  o.e.m.c.i.embedder.EclipseLogger - Using 'UTF-8' encoding to copy filtered resources.
2019-08-28 12:12:20,213 [Worker-52] INFO  o.e.m.c.i.embedder.EclipseLogger - skip non existing resourceDirectory C:\hcljava\Laksh1\DepartmentShow\src\main\resources
2019-08-28 12:12:20,214 [Worker-52] INFO  o.e.m.c.i.embedder.EclipseLogger - Using 'UTF-8' encoding to copy filtered resources.
2019-08-28 12:12:20,218 [Worker-52] INFO  o.e.m.c.i.embedder.EclipseLogger - skip non existing resourceDirectory C:\hcljava\Laksh1\DepartmentShow\src\test\resources
2019-08-28 12:12:20,231 [Worker-52] INFO  o.e.m.c.i.embedder.EclipseLogger - Using 'UTF-8' encoding to copy filtered resources.
2019-08-28 12:12:20,239 [Worker-52] INFO  o.e.m.c.i.embedder.EclipseLogger - skip non existing resourceDirectory C:\hcljava\Laksh1\EmployShow\src\main\resources
2019-08-28 12:12:20,240 [Worker-52] INFO  o.e.m.c.i.embedder.EclipseLogger - Using 'UTF-8' encoding to copy filtered resources.
2019-08-28 12:12:20,241 [Worker-52] INFO  o.e.m.c.i.embedder.EclipseLogger - skip non existing resourceDirectory C:\hcljava\Laksh1\EmployShow\src\test\resources
2019-08-28 12:12:35,869 [Worker-67] INFO  o.e.m.c.i.embedder.EclipseLogger - Using 'UTF-8' encoding to copy filtered resources.
2019-08-28 12:12:35,874 [Worker-67] INFO  o.e.m.c.i.embedder.EclipseLogger - skip non existing resourceDirectory C:\hcljava\Laksh1\DepartmentShow\src\main\resources
2019-08-28 12:12:35,875 [Worker-67] INFO  o.e.m.c.i.embedder.EclipseLogger - Using 'UTF-8' encoding to copy filtered resources.
2019-08-28 12:12:35,879 [Worker-67] INFO  o.e.m.c.i.embedder.EclipseLogger - skip non existing resourceDirectory C:\hcljava\Laksh1\DepartmentShow\src\test\resources
2019-08-28 12:12:35,885 [Worker-67] INFO  o.e.m.c.i.embedder.EclipseLogger - Using 'UTF-8' encoding to copy filtered resources.
2019-08-28 12:12:35,890 [Worker-67] INFO  o.e.m.c.i.embedder.EclipseLogger - skip non existing resourceDirectory C:\hcljava\Laksh1\EmployShow\src\main\resources
2019-08-28 12:12:35,891 [Worker-67] INFO  o.e.m.c.i.embedder.EclipseLogger - Using 'UTF-8' encoding to copy filtered resources.
2019-08-28 12:12:35,891 [Worker-67] INFO  o.e.m.c.i.embedder.EclipseLogger - skip non existing resourceDirectory C:\hcljava\Laksh1\EmployShow\src\test\resources
2019-08-28 12:13:02,132 [Worker-68] INFO  o.e.m.c.i.embedder.EclipseLogger - Using 'UTF-8' encoding to copy filtered resources.
2019-08-28 12:13:02,138 [Worker-68] INFO  o.e.m.c.i.embedder.EclipseLogger - skip non existing resourceDirectory C:\hcljava\Laksh1\DepartmentShow\src\main\resources
2019-08-28 12:13:02,139 [Worker-68] INFO  o.e.m.c.i.embedder.EclipseLogger - Using 'UTF-8' encoding to copy filtered resources.
2019-08-28 12:13:02,147 [Worker-68] INFO  o.e.m.c.i.embedder.EclipseLogger - skip non existing resourceDirectory C:\hcljava\Laksh1\DepartmentShow\src\test\resources
2019-08-28 12:13:36,929 [Worker-65] INFO  o.e.m.c.i.embedder.EclipseLogger - Using 'UTF-8' encoding to copy filtered resources.
2019-08-28 12:13:36,939 [Worker-65] INFO  o.e.m.c.i.embedder.EclipseLogger - skip non existing resourceDirectory C:\hcljava\Laksh1\DepartmentShow\src\main\resources
2019-08-28 12:13:36,948 [Worker-65] INFO  o.e.m.c.i.embedder.EclipseLogger - Using 'UTF-8' encoding to copy filtered resources.
2019-08-28 12:13:36,954 [Worker-65] INFO  o.e.m.c.i.embedder.EclipseLogger - skip non existing resourceDirectory C:\hcljava\Laksh1\DepartmentShow\src\test\resources
2019-08-28 12:14:03,776 [Worker-68] INFO  o.e.m.c.i.l.LifecycleMappingFactory - Using org.eclipse.m2e.jdt.JarLifecycleMapping lifecycle mapping for MavenProject: hcl:DepartmentShow:0.0.1-SNAPSHOT @ C:\hcljava\Laksh1\DepartmentShow\pom.xml.
2019-08-28 12:14:03,996 [Worker-68] INFO  o.e.m.c.i.embedder.EclipseLogger - Using 'UTF-8' encoding to copy filtered resources.
2019-08-28 12:14:04,001 [Worker-68] INFO  o.e.m.c.i.embedder.EclipseLogger - skip non existing resourceDirectory C:\hcljava\Laksh1\DepartmentShow\src\main\resources
2019-08-28 12:14:04,006 [Worker-68] INFO  o.e.m.c.i.embedder.EclipseLogger - Using 'UTF-8' encoding to copy filtered resources.
2019-08-28 12:14:04,006 [Worker-68] INFO  o.e.m.c.i.embedder.EclipseLogger - skip non existing resourceDirectory C:\hcljava\Laksh1\DepartmentShow\src\test\resources
2019-08-28 12:14:05,252 [Worker-68] INFO  o.e.m.c.i.embedder.EclipseLogger - Using 'UTF-8' encoding to copy filtered resources.
2019-08-28 12:14:05,252 [Worker-68] INFO  o.e.m.c.i.embedder.EclipseLogger - skip non existing resourceDirectory C:\hcljava\Laksh1\DepartmentShow\src\main\resources
2019-08-28 12:14:05,253 [Worker-68] INFO  o.e.m.c.i.embedder.EclipseLogger - Using 'UTF-8' encoding to copy filtered resources.
2019-08-28 12:14:05,254 [Worker-68] INFO  o.e.m.c.i.embedder.EclipseLogger - skip non existing resourceDirectory C:\hcljava\Laksh1\DepartmentShow\src\test\resources
2019-08-28 12:15:14,052 [Worker-52] INFO  o.e.m.c.i.embedder.EclipseLogger - Using 'UTF-8' encoding to copy filtered resources.
2019-08-28 12:15:14,060 [Worker-52] INFO  o.e.m.c.i.embedder.EclipseLogger - skip non existing resourceDirectory C:\hcljava\Laksh1\DepartmentShow\src\main\resources
2019-08-28 12:15:14,069 [Worker-52] INFO  o.e.m.c.i.embedder.EclipseLogger - Using 'UTF-8' encoding to copy filtered resources.
2019-08-28 12:15:14,069 [Worker-52] INFO  o.e.m.c.i.embedder.EclipseLogger - skip non existing resourceDirectory C:\hcljava\Laksh1\DepartmentShow\src\test\resources
2019-08-28 12:17:12,285 [Worker-52] INFO  o.e.m.c.i.embedder.EclipseLogger - Using 'UTF-8' encoding to copy filtered resources.
2019-08-28 12:17:12,286 [Worker-52] INFO  o.e.m.c.i.embedder.EclipseLogger - skip non existing resourceDirectory C:\hcljava\Laksh1\DepartmentShow\src\main\resources
2019-08-28 12:17:12,287 [Worker-52] INFO  o.e.m.c.i.embedder.EclipseLogger - Using 'UTF-8' encoding to copy filtered resources.
2019-08-28 12:17:12,287 [Worker-52] INFO  o.e.m.c.i.embedder.EclipseLogger - skip non existing resourceDirectory C:\hcljava\Laksh1\DepartmentShow\src\test\resources
2019-08-28 12:17:12,306 [Worker-52] INFO  o.e.m.c.i.embedder.EclipseLogger - Using 'UTF-8' encoding to copy filtered resources.
2019-08-28 12:17:12,314 [Worker-52] INFO  o.e.m.c.i.embedder.EclipseLogger - skip non existing resourceDirectory C:\hcljava\Laksh1\EmployShow\src\main\resources
2019-08-28 12:17:12,322 [Worker-52] INFO  o.e.m.c.i.embedder.EclipseLogger - Using 'UTF-8' encoding to copy filtered resources.
2019-08-28 12:17:12,323 [Worker-52] INFO  o.e.m.c.i.embedder.EclipseLogger - skip non existing resourceDirectory C:\hcljava\Laksh1\EmployShow\src\test\resources
2019-08-28 12:17:28,685 [Worker-52] INFO  o.e.m.c.i.embedder.EclipseLogger - Using 'UTF-8' encoding to copy filtered resources.
2019-08-28 12:17:28,686 [Worker-52] INFO  o.e.m.c.i.embedder.EclipseLogger - skip non existing resourceDirectory C:\hcljava\Laksh1\DepartmentShow\src\main\resources
2019-08-28 12:17:28,686 [Worker-52] INFO  o.e.m.c.i.embedder.EclipseLogger - Using 'UTF-8' encoding to copy filtered resources.
2019-08-28 12:17:28,686 [Worker-52] INFO  o.e.m.c.i.embedder.EclipseLogger - skip non existing resourceDirectory C:\hcljava\Laksh1\DepartmentShow\src\test\resources
2019-08-28 12:18:11,586 [Worker-70] INFO  o.e.m.c.i.embedder.EclipseLogger - Using 'UTF-8' encoding to copy filtered resources.
2019-08-28 12:18:11,587 [Worker-70] INFO  o.e.m.c.i.embedder.EclipseLogger - skip non existing resourceDirectory C:\hcljava\Laksh1\DepartmentShow\src\main\resources
2019-08-28 12:18:11,597 [Worker-70] INFO  o.e.m.c.i.embedder.EclipseLogger - Using 'UTF-8' encoding to copy filtered resources.
2019-08-28 12:18:11,603 [Worker-70] INFO  o.e.m.c.i.embedder.EclipseLogger - skip non existing resourceDirectory C:\hcljava\Laksh1\DepartmentShow\src\test\resources
2019-08-28 12:25:36,907 [Worker-71] INFO  o.e.m.c.i.embedder.EclipseLogger - Using 'UTF-8' encoding to copy filtered resources.
2019-08-28 12:25:36,907 [Worker-71] INFO  o.e.m.c.i.embedder.EclipseLogger - skip non existing resourceDirectory C:\hcljava\Laksh1\EmployShow\src\main\resources
2019-08-28 12:25:36,908 [Worker-71] INFO  o.e.m.c.i.embedder.EclipseLogger - Using 'UTF-8' encoding to copy filtered resources.
2019-08-28 12:25:36,908 [Worker-71] INFO  o.e.m.c.i.embedder.EclipseLogger - skip non existing resourceDirectory C:\hcljava\Laksh1\EmployShow\src\test\resources
2019-08-28 12:26:42,081 [Worker-52] INFO  o.e.m.c.i.embedder.EclipseLogger - Using 'UTF-8' encoding to copy filtered resources.
2019-08-28 12:26:42,089 [Worker-52] INFO  o.e.m.c.i.embedder.EclipseLogger - skip non existing resourceDirectory C:\hcljava\Laksh1\EmployShow\src\main\resources
2019-08-28 12:26:42,094 [Worker-52] INFO  o.e.m.c.i.embedder.EclipseLogger - Using 'UTF-8' encoding to copy filtered resources.
2019-08-28 12:26:42,095 [Worker-52] INFO  o.e.m.c.i.embedder.EclipseLogger - skip non existing resourceDirectory C:\hcljava\Laksh1\EmployShow\src\test\resources
2019-08-28 12:27:52,564 [Worker-70] INFO  o.e.m.c.i.embedder.EclipseLogger - Using 'UTF-8' encoding to copy filtered resources.
2019-08-28 12:27:52,565 [Worker-70] INFO  o.e.m.c.i.embedder.EclipseLogger - skip non existing resourceDirectory C:\hcljava\Laksh1\EmployShow\src\main\resources
2019-08-28 12:27:52,567 [Worker-70] INFO  o.e.m.c.i.embedder.EclipseLogger - Using 'UTF-8' encoding to copy filtered resources.
2019-08-28 12:27:52,567 [Worker-70] INFO  o.e.m.c.i.embedder.EclipseLogger - skip non existing resourceDirectory C:\hcljava\Laksh1\EmployShow\src\test\resources
2019-08-28 12:30:24,728 [Worker-52] INFO  o.e.m.c.i.embedder.EclipseLogger - Using 'UTF-8' encoding to copy filtered resources.
2019-08-28 12:30:24,735 [Worker-52] INFO  o.e.m.c.i.embedder.EclipseLogger - skip non existing resourceDirectory C:\hcljava\Laksh1\DepartmentShow\src\main\resources
2019-08-28 12:30:24,741 [Worker-52] INFO  o.e.m.c.i.embedder.EclipseLogger - Using 'UTF-8' encoding to copy filtered resources.
2019-08-28 12:30:24,741 [Worker-52] INFO  o.e.m.c.i.embedder.EclipseLogger - skip non existing resourceDirectory C:\hcljava\Laksh1\DepartmentShow\src\test\resources
2019-08-28 12:31:24,211 [Worker-52] INFO  o.e.m.c.i.embedder.EclipseLogger - Using 'UTF-8' encoding to copy filtered resources.
2019-08-28 12:31:24,211 [Worker-52] INFO  o.e.m.c.i.embedder.EclipseLogger - skip non existing resourceDirectory C:\hcljava\Laksh1\DepartmentShow\src\main\resources
2019-08-28 12:31:24,212 [Worker-52] INFO  o.e.m.c.i.embedder.EclipseLogger - Using 'UTF-8' encoding to copy filtered resources.
2019-08-28 12:31:24,212 [Worker-52] INFO  o.e.m.c.i.embedder.EclipseLogger - skip non existing resourceDirectory C:\hcljava\Laksh1\DepartmentShow\src\test\resources
